# JRE version: Java(TM) SE Runtime Environment (8.0_191-b12) (build 1.8.0_191-b12)
# Java VM: Java HotSpot(TM) 64-Bit Server VM (25.191-b12 mixed mode windows-amd64 compressed oops)
Heap:
 PSYoungGen      total 360448K, used 113211K [0x00000000d6100000, 0x00000000ed400000, 0x0000000100000000)
  eden space 343040K, 33% used [0x00000000d6100000,0x00000000dcf8ec30,0x00000000eb000000)
  from space 17408K, 0% used [0x00000000ec300000,0x00000000ec300000,0x00000000ed400000)
  to   space 18432K, 0% used [0x00000000eb000000,0x00000000eb000000,0x00000000ec200000)
 ParOldGen       total 81920K, used 20522K [0x0000000082200000, 0x0000000087200000, 0x00000000d6100000)
  object space 81920K, 25% used [0x0000000082200000,0x000000008360aa48,0x0000000087200000)
 Metaspace       used 58134K, capacity 61458K, committed 61608K, reserved 1101824K
  class space    used 7800K, capacity 8357K, committed 8360K, reserved 1048576K
GC Heap History (10 events):
Event: 11.451 GC heap before
{Heap before GC invocations=9 (full 1):
 PSYoungGen      total 141312K, used 123636K [0x00000000d6100000, 0x00000000e6600000, 0x0000000100000000)
  eden space 131072K, 86% used [0x00000000d6100000,0x00000000dcfbe7a8,0x00000000de100000)
  from space 10240K, 99% used [0x00000000de100000,0x00000000deafebb0,0x00000000deb00000)
  to   space 12800K, 0% used [0x00000000e5980000,0x00000000e5980000,0x00000000e6600000)
 ParOldGen       total 47616K, used 8212K [0x0000000082200000, 0x0000000085080000, 0x00000000d6100000)
  object space 47616K, 17% used [0x0000000082200000,0x0000000082a05320,0x0000000085080000)
 Metaspace       used 33656K, capacity 35396K, committed 35496K, reserved 1081344K
  class space    used 4194K, capacity 4486K, committed 4520K, reserved 1048576K
Event: 11.464 GC heap after
Heap after GC invocations=9 (full 1):
 PSYoungGen      total 247808K, used 10136K [0x00000000d6100000, 0x00000000e6380000, 0x0000000100000000)
  eden space 237568K, 0% used [0x00000000d6100000,0x00000000d6100000,0x00000000e4900000)
  from space 10240K, 98% used [0x00000000e5980000,0x00000000e63663a0,0x00000000e6380000)
  to   space 13312K, 0% used [0x00000000e4980000,0x00000000e4980000,0x00000000e5680000)
 ParOldGen       total 47616K, used 8220K [0x0000000082200000, 0x0000000085080000, 0x00000000d6100000)
  object space 47616K, 17% used [0x0000000082200000,0x0000000082a07320,0x0000000085080000)
 Metaspace       used 33656K, capacity 35396K, committed 35496K, reserved 1081344K
  class space    used 4194K, capacity 4486K, committed 4520K, reserved 1048576K
}
Event: 11.464 GC heap before
{Heap before GC invocations=10 (full 2):
 PSYoungGen      total 247808K, used 10136K [0x00000000d6100000, 0x00000000e6380000, 0x0000000100000000)
  eden space 237568K, 0% used [0x00000000d6100000,0x00000000d6100000,0x00000000e4900000)
  from space 10240K, 98% used [0x00000000e5980000,0x00000000e63663a0,0x00000000e6380000)
  to   space 13312K, 0% used [0x00000000e4980000,0x00000000e4980000,0x00000000e5680000)
 ParOldGen       total 47616K, used 8220K [0x0000000082200000, 0x0000000085080000, 0x00000000d6100000)
  object space 47616K, 17% used [0x0000000082200000,0x0000000082a07320,0x0000000085080000)
 Metaspace       used 33656K, capacity 35396K, committed 35496K, reserved 1081344K
  class space    used 4194K, capacity 4486K, committed 4520K, reserved 1048576K
Event: 11.527 GC heap after
Heap after GC invocations=10 (full 2):
 PSYoungGen      total 247808K, used 0K [0x00000000d6100000, 0x00000000e6380000, 0x0000000100000000)
  eden space 237568K, 0% used [0x00000000d6100000,0x00000000d6100000,0x00000000e4900000)
  from space 10240K, 0% used [0x00000000e5980000,0x00000000e5980000,0x00000000e6380000)
  to   space 13312K, 0% used [0x00000000e4980000,0x00000000e4980000,0x00000000e5680000)
 ParOldGen       total 63488K, used 15132K [0x0000000082200000, 0x0000000086000000, 0x00000000d6100000)
  object space 63488K, 23% used [0x0000000082200000,0x00000000830c7250,0x0000000086000000)
 Metaspace       used 33656K, capacity 35396K, committed 35496K, reserved 1081344K
  class space    used 4194K, capacity 4486K, committed 4520K, reserved 1048576K
}
Event: 17.216 GC heap before
{Heap before GC invocations=11 (full 2):
 PSYoungGen      total 247808K, used 237568K [0x00000000d6100000, 0x00000000e6380000, 0x0000000100000000)
  eden space 237568K, 100% used [0x00000000d6100000,0x00000000e4900000,0x00000000e4900000)
  from space 10240K, 0% used [0x00000000e5980000,0x00000000e5980000,0x00000000e6380000)
  to   space 13312K, 0% used [0x00000000e4980000,0x00000000e4980000,0x00000000e5680000)
 ParOldGen       total 63488K, used 15132K [0x0000000082200000, 0x0000000086000000, 0x00000000d6100000)
  object space 63488K, 23% used [0x0000000082200000,0x00000000830c7250,0x0000000086000000)
 Metaspace       used 53733K, capacity 56340K, committed 56616K, reserved 1097728K
  class space    used 7223K, capacity 7662K, committed 7720K, reserved 1048576K
Event: 17.243 GC heap after
Heap after GC invocations=11 (full 2):
 PSYoungGen      total 251392K, used 13310K [0x00000000d6100000, 0x00000000ed580000, 0x0000000100000000)
  eden space 238080K, 0% used [0x00000000d6100000,0x00000000d6100000,0x00000000e4980000)
  from space 13312K, 99% used [0x00000000e4980000,0x00000000e567f800,0x00000000e5680000)
  to   space 18944K, 0% used [0x00000000ec300000,0x00000000ec300000,0x00000000ed580000)
 ParOldGen       total 63488K, used 24235K [0x0000000082200000, 0x0000000086000000, 0x00000000d6100000)
  object space 63488K, 38% used [0x0000000082200000,0x00000000839aac08,0x0000000086000000)
 Metaspace       used 53733K, capacity 56340K, committed 56616K, reserved 1097728K
  class space    used 7223K, capacity 7662K, committed 7720K, reserved 1048576K
}
Event: 18.458 GC heap before
{Heap before GC invocations=12 (full 2):
 PSYoungGen      total 251392K, used 46258K [0x00000000d6100000, 0x00000000ed580000, 0x0000000100000000)
  eden space 238080K, 13% used [0x00000000d6100000,0x00000000d812d000,0x00000000e4980000)
  from space 13312K, 99% used [0x00000000e4980000,0x00000000e567f800,0x00000000e5680000)
  to   space 18944K, 0% used [0x00000000ec300000,0x00000000ec300000,0x00000000ed580000)
 ParOldGen       total 63488K, used 24235K [0x0000000082200000, 0x0000000086000000, 0x00000000d6100000)
  object space 63488K, 38% used [0x0000000082200000,0x00000000839aac08,0x0000000086000000)
 Metaspace       used 56015K, capacity 59076K, committed 59160K, reserved 1099776K
  class space    used 7522K, capacity 8020K, committed 8104K, reserved 1048576K
Event: 18.493 GC heap after
Heap after GC invocations=12 (full 2):
 PSYoungGen      total 360448K, used 9693K [0x00000000d6100000, 0x00000000ed400000, 0x0000000100000000)
  eden space 343040K, 0% used [0x00000000d6100000,0x00000000d6100000,0x00000000eb000000)
  from space 17408K, 55% used [0x00000000ec300000,0x00000000ecc775f0,0x00000000ed400000)
  to   space 18432K, 0% used [0x00000000eb000000,0x00000000eb000000,0x00000000ec200000)
 ParOldGen       total 63488K, used 24243K [0x0000000082200000, 0x0000000086000000, 0x00000000d6100000)
  object space 63488K, 38% used [0x0000000082200000,0x00000000839acc08,0x0000000086000000)
 Metaspace       used 56015K, capacity 59076K, committed 59160K, reserved 1099776K
  class space    used 7522K, capacity 8020K, committed 8104K, reserved 1048576K
}
Event: 18.493 GC heap before
{Heap before GC invocations=13 (full 3):
 PSYoungGen      total 360448K, used 9693K [0x00000000d6100000, 0x00000000ed400000, 0x0000000100000000)
  eden space 343040K, 0% used [0x00000000d6100000,0x00000000d6100000,0x00000000eb000000)
  from space 17408K, 55% used [0x00000000ec300000,0x00000000ecc775f0,0x00000000ed400000)
  to   space 18432K, 0% used [0x00000000eb000000,0x00000000eb000000,0x00000000ec200000)
 ParOldGen       total 63488K, used 24243K [0x0000000082200000, 0x0000000086000000, 0x00000000d6100000)
  object space 63488K, 38% used [0x0000000082200000,0x00000000839acc08,0x0000000086000000)
 Metaspace       used 56015K, capacity 59076K, committed 59160K, reserved 1099776K
  class space    used 7522K, capacity 8020K, committed 8104K, reserved 1048576K
Event: 18.723 GC heap after
Heap after GC invocations=13 (full 3):
 PSYoungGen      total 360448K, used 0K [0x00000000d6100000, 0x00000000ed400000, 0x0000000100000000)
  eden space 343040K, 0% used [0x00000000d6100000,0x00000000d6100000,0x00000000eb000000)
  from space 17408K, 0% used [0x00000000ec300000,0x00000000ec300000,0x00000000ed400000)
  to   space 18432K, 0% used [0x00000000eb000000,0x00000000eb000000,0x00000000ec200000)
 ParOldGen       total 81920K, used 20522K [0x0000000082200000, 0x0000000087200000, 0x00000000d6100000)
  object space 81920K, 25% used [0x0000000082200000,0x000000008360aa48,0x0000000087200000)
 Metaspace       used 55974K, capacity 59010K, committed 59160K, reserved 1099776K
  class space    used 7516K, capacity 8009K, committed 8104K, reserved 1048576K
}

